<?xml version="1.0" encoding="UTF-8"?>
<!-- Generated by org.testng.reporters.JUnitReportReporter -->
<testsuite hostname="LAPTOP-FQQEV6LJ" failures="0" tests="1" name="rahulshettyacademy.tests.LoginTests" time="6.673" errors="0" timestamp="2025-01-28T11:59:17 GMT" skipped="0">
  <testcase classname="rahulshettyacademy.tests.LoginTests" name="registerLinkTest" time="6.673"/>
  <system-out/>
</testsuite> <!-- rahulshettyacademy.tests.LoginTests -->
