<?xml version="1.0" encoding="UTF-8"?>
<!-- Generated by org.testng.reporters.JUnitReportReporter -->
<testsuite hostname="LAPTOP-FQQEV6LJ" failures="0" tests="6" name="api.test.DDTests" time="6.728" errors="0" timestamp="2025-02-03T13:59:39 GMT" skipped="0">
  <testcase classname="api.test.DDTests" name="testPostuser" time="0.594"/>
  <system-out/>
  <testcase classname="api.test.DDTests" name="testPostuser" time="3.856"/>
  <system-out/>
  <testcase classname="api.test.DDTests" name="testPostuser" time="0.562"/>
  <system-out/>
  <testcase classname="api.test.DDTests" name="testDeleteUserByName" time="0.564"/>
  <system-out/>
  <testcase classname="api.test.DDTests" name="testDeleteUserByName" time="0.558"/>
  <system-out/>
  <testcase classname="api.test.DDTests" name="testDeleteUserByName" time="0.594"/>
  <system-out/>
</testsuite> <!-- api.test.DDTests -->
