<?xml version="1.0" encoding="UTF-8"?>
<!-- Generated by org.testng.reporters.JUnitReportReporter -->
<testsuite hostname="LAPTOP-FQQEV6LJ" failures="0" tests="4" name="api.test.UserTests" time="8.754" errors="0" timestamp="2025-02-03T20:23:08 GMT" skipped="0">
  <testcase classname="api.test.UserTests" name="testPostUser" time="4.704"/>
  <system-out/>
  <testcase classname="api.test.UserTests" name="testGetUserByName" time="1.680"/>
  <system-out/>
  <testcase classname="api.test.UserTests" name="testUpdateUserByName" time="1.256"/>
  <system-out/>
  <testcase classname="api.test.UserTests" name="testDeleteUserByName" time="1.114"/>
  <system-out/>
</testsuite> <!-- api.test.UserTests -->
