<?xml version="1.0" encoding="UTF-8"?>
<!-- Generated by org.testng.reporters.JUnitReportReporter -->
<testsuite hostname="LAPTOP-FQQEV6LJ" failures="0" tests="5" name="rahulshettyacademy.tests.UserRegistrationTests" time="37.434" errors="0" timestamp="2025-01-28T12:51:36 GMT" skipped="0">
  <testcase classname="rahulshettyacademy.tests.UserRegistrationTests" name="validateMultipleInvalidEmails" time="7.348"/>
  <system-out/>
  <testcase classname="rahulshettyacademy.tests.UserRegistrationTests" name="validateMultipleInvalidEmails" time="7.101"/>
  <system-out/>
  <testcase classname="rahulshettyacademy.tests.UserRegistrationTests" name="validateMultipleInvalidEmails" time="7.347"/>
  <system-out/>
  <testcase classname="rahulshettyacademy.tests.UserRegistrationTests" name="validateMultipleInvalidEmails" time="8.295"/>
  <system-out/>
  <testcase classname="rahulshettyacademy.tests.UserRegistrationTests" name="validateMultipleInvalidEmails" time="7.343"/>
  <system-out/>
</testsuite> <!-- rahulshettyacademy.tests.UserRegistrationTests -->
