<?xml version="1.0" encoding="UTF-8"?>
<!-- Generated by org.testng.reporters.JUnitReportReporter -->
<testsuite hostname="LAPTOP-FQQEV6LJ" failures="0" tests="1" name="ecommerce.tests.LoginTests" time="9.462" errors="0" timestamp="2025-01-30T10:22:50 GMT" skipped="0">
  <testcase classname="ecommerce.tests.LoginTests" name="successfulLoginTest" time="9.462"/>
  <system-out/>
</testsuite> <!-- ecommerce.tests.LoginTests -->
