<?xml version="1.0" encoding="UTF-8"?>
<!-- Generated by org.testng.reporters.JUnitReportReporter -->
<testsuite hostname="LAPTOP-FQQEV6LJ" failures="0" tests="2" name="ecommerce.tests.LoginTests" time="19.264" errors="0" timestamp="2025-01-29T11:56:06 GMT" skipped="0">
  <testcase classname="ecommerce.tests.LoginTests" name="forgotPasswordLinkTest" time="12.409"/>
  <system-out/>
  <testcase classname="ecommerce.tests.LoginTests" name="successfulLoginTest" time="6.855"/>
  <system-out/>
</testsuite> <!-- ecommerce.tests.LoginTests -->
