<?xml version="1.0" encoding="UTF-8"?>
<!-- Generated by org.testng.reporters.JUnitReportReporter -->
<testsuite hostname="LAPTOP-FQQEV6LJ" failures="0" tests="2" name="ecommerce.tests.LoginTests" time="15.432" errors="0" timestamp="2025-01-29T10:50:45 GMT" skipped="0">
  <testcase classname="ecommerce.tests.LoginTests" name="forgotPasswordLinkTest" time="6.177"/>
  <system-out/>
  <testcase classname="ecommerce.tests.LoginTests" name="successfulLoginTest" time="9.255"/>
  <system-out/>
</testsuite> <!-- ecommerce.tests.LoginTests -->
